2025-11-03 00:48:32,626 - main - INFO - -> Starting CommunityHub AI v4.0.0
2025-11-03 00:48:32,626 - main - INFO - -> Starting CommunityHub AI v4.0.0
2025-11-03 00:48:32,626 - main - INFO - -> Starting CommunityHub AI v4.0.0
2025-11-03 00:48:32,626 - main - INFO - [Admin] Admin user created
2025-11-03 00:48:32,626 - main - INFO - [Admin] Admin user created
2025-11-03 00:48:32,626 - main - INFO - -> Starting CommunityHub AI v4.0.0
2025-11-03 00:48:32,626 - main - INFO - [Admin] Admin user created
2025-11-03 00:48:32,626 - main - INFO - [Data] Sample complaints generated
2025-11-03 00:48:32,626 - main - INFO - [Data] Sample complaints generated
2025-11-03 00:48:32,626 - main - INFO - [Data] Sample complaints generated
2025-11-03 00:48:32,626 - main - INFO - -> Starting CommunityHub AI v4.0.0
2025-11-03 00:48:32,636 - main - INFO - [Data] Sample complaints generated
2025-11-03 00:48:32,636 - main - INFO - [Admin] Admin user created
2025-11-03 00:48:32,640 - main - INFO - [Data] Sample complaints generated
2025-11-03 00:48:33,494 - main - INFO - -> Starting CommunityHub AI v4.0.0
2025-11-03 00:48:33,494 - main - INFO - [Admin] Admin user created
2025-11-03 00:48:33,496 - main - INFO - [Data] Sample complaints generated
2025-11-03 00:48:51,623 - main - INFO - -> Starting CommunityHub AI v4.0.0
2025-11-03 00:48:51,624 - main - INFO - [Admin] Admin user created
2025-11-03 00:48:51,624 - main - INFO - [Data] Sample complaints generated
2025-11-03 01:23:30,788 - main - INFO - -> Starting CommunityHub AI v4.0.0
2025-11-03 01:23:30,792 - main - INFO - [Admin] Admin user created
2025-11-03 01:23:30,796 - main - INFO - [Data] Sample complaints generated
2025-11-03 01:23:30,810 - main - INFO - -> Starting CommunityHub AI v4.0.0
2025-11-03 01:23:30,807 - main - INFO - -> Starting CommunityHub AI v4.0.0
2025-11-03 01:23:30,818 - main - INFO - [Admin] Admin user created
2025-11-03 01:23:30,821 - main - INFO - [Admin] Admin user created
2025-11-03 01:23:30,827 - main - INFO - [Data] Sample complaints generated
2025-11-03 01:23:30,831 - main - INFO - [Data] Sample complaints generated
2025-11-03 01:23:30,835 - main - INFO - -> Starting CommunityHub AI v4.0.0
2025-11-03 01:23:30,839 - main - INFO - [Admin] Admin user created
2025-11-03 01:23:30,846 - main - INFO - [Data] Sample complaints generated
2025-11-03 01:23:30,855 - main - INFO - -> Starting CommunityHub AI v4.0.0
2025-11-03 01:23:30,860 - main - INFO - [Admin] Admin user created
2025-11-03 01:23:30,867 - main - INFO - [Data] Sample complaints generated
2025-11-03 01:23:30,886 - main - INFO - -> Starting CommunityHub AI v4.0.0
2025-11-03 01:23:30,888 - main - INFO - [Admin] Admin user created
2025-11-03 01:23:30,892 - main - INFO - [Data] Sample complaints generated
2025-11-03 01:23:30,964 - main - INFO - -> Starting CommunityHub AI v4.0.0
2025-11-03 01:23:30,966 - main - INFO - [Admin] Admin user created
2025-11-03 01:23:30,969 - main - INFO - [Data] Sample complaints generated
2025-11-03 01:23:47,676 - main - INFO - -> Starting CommunityHub AI v4.0.0
2025-11-03 01:23:47,676 - main - INFO - [Admin] Admin user created
2025-11-03 01:23:47,676 - main - INFO - [Data] Sample complaints generated
2025-11-03 01:25:03,468 - main - INFO - -> Starting CommunityHub AI v4.0.0
2025-11-03 01:25:03,469 - main - INFO - [Admin] Admin user created
2025-11-03 01:25:03,469 - main - INFO - [Data] Sample complaints generated
2025-11-03 01:32:35,689 - main - INFO - -> Starting CommunityHub AI v4.0.0
2025-11-03 01:32:35,689 - main - INFO - [Admin] Admin user created
2025-11-03 01:32:35,689 - main - INFO - [Data] Sample complaints generated
2025-11-03 01:34:14,251 - main - INFO - -> Starting CommunityHub AI v4.0.0
2025-11-03 01:34:14,251 - main - INFO - [Admin] Admin user created
2025-11-03 01:34:14,251 - main - INFO - [Data] Sample complaints generated
2025-11-03 01:37:47,885 - main - INFO - -> Starting CommunityHub AI v4.0.0
2025-11-03 01:37:47,885 - main - INFO - [Admin] Admin user created
2025-11-03 01:37:47,885 - main - INFO - [Data] Sample complaints generated
2025-11-03 01:38:21,384 - main - INFO - -> Starting CommunityHub AI v4.0.0
2025-11-03 01:38:21,384 - main - INFO - [Admin] Admin user created
2025-11-03 01:38:21,384 - main - INFO - [Data] Sample complaints generated
2025-11-03 01:39:57,586 - main - INFO - -> Starting CommunityHub AI v4.0.0
2025-11-03 01:39:57,592 - main - INFO - [Admin] Admin user created
2025-11-03 01:39:57,592 - main - INFO - [Data] Sample complaints generated
2025-11-03 01:45:11,737 - main - INFO - -> Starting CommunityHub AI v4.0.0
2025-11-03 01:45:11,749 - main - INFO - [Admin] Admin user created
2025-11-03 01:45:11,751 - main - INFO - [Data] Sample complaints generated
2025-11-03 01:48:29,414 - main - INFO - -> Starting CommunityHub AI v4.0.0
2025-11-03 01:48:29,414 - main - INFO - [Admin] Admin user created
2025-11-03 01:48:29,423 - main - INFO - [Data] Sample complaints generated
2025-11-03 02:23:34,115 - main - INFO - -> Starting CommunityHub AI v4.0.0
2025-11-03 02:23:34,115 - main - INFO - [Admin] Admin user created
v4.0.0
2025-11-03 02:23:34,115 - main - INFO - [Admin] Admin user created
2025-11-03 02:23:34,115 - main - INFO - [Data] Sample complaints generated
2025-11-03 02:23:46,317 - main - INFO - -> Starting CommunityHub AI v4.0.0
2025-11-03 02:23:46,317 - main - INFO - [Admin] Admin user created
2025-11-03 02:23:46,317 - main - INFO - [Data] Sample complaints generated
2025-11-03 09:06:43,928 - main - INFO - -> Starting CommunityHub AI v4.0.0
2025-11-03 09:06:43,931 - main - INFO - [Admin] Admin user created
2025-11-03 09:06:43,934 - main - INFO - [Data] Sample complaints generated
2025-11-03 09:14:13,451 - main - INFO - -> Starting CommunityHub AI v4.0.0
2025-11-03 09:14:13,453 - main - INFO - [Admin] Admin user created
2025-11-03 09:14:13,457 - main - INFO - [Data] Sample complaints generated
2025-11-03 09:14:13,629 - main - INFO - -> Starting CommunityHub AI v4.0.0
2025-11-03 09:14:13,644 - main - INFO - [Admin] Admin user created
2025-11-03 09:14:13,651 - main - INFO - [Data] Sample complaints generated
2025-11-03 09:14:13,653 - main - INFO - -> Starting CommunityHub AI v4.0.0
2025-11-03 09:14:13,662 - main - INFO - -> Starting CommunityHub AI 2025-11-03 09:14:13,664 - main - INFO - [Data] Sample complaints generated
2025-11-03 09:14:13,667 - main - INFO - [Admin] Admin user created
2025-11-03 09:14:13,671 - main - INFO - [Data] Sample complaints generated
2025-11-03 09:14:25,046 - main - INFO - -> Starting CommunityHub AI v4.0.0
2025-11-03 09:14:25,046 - main - INFO - [Admin] Admin user created
2025-11-03 09:14:25,047 - main - INFO - [Data] Sample complaints generated
2025-11-03 09:16:17,960 - main - INFO - -> Starting CommunityHub AI v4.0.0
2025-11-03 09:16:17,960 - main - INFO - [Admin] Admin user created
2025-11-03 09:16:17,960 - main - INFO - [Data] Sample complaints generated
2025-11-03 09:31:03,280 - main - INFO - -> Starting CommunityHub AI v4.0.0
2025-11-03 09:31:03,281 - main - INFO - [Admin] Admin user created
2025-11-03 09:31:03,282 - main - INFO - [Data] Sample complaints generated
2025-11-03 09:39:06,718 - main - INFO - -> Starting CommunityHub AI v4.0.0
2025-11-03 09:39:06,720 - main - INFO - [Admin] Admin user created
2025-11-03 09:39:06,721 - main - INFO - [Data] Sample complaints generated
2025-11-03 09:48:29,939 - main - INFO - -> Starting CommunityHub AI v4.0.0
2025-11-03 09:48:29,941 - main - INFO - [Admin] Admin user created
2025-11-03 09:48:29,941 - main - INFO - [Data] Sample complaints generated
2025-11-03 10:03:23,654 - main - INFO - -> Starting CommunityHub AI v4.0.0
2025-11-03 10:03:23,661 - main - INFO - [Admin] Admin user created
2025-11-03 10:03:23,661 - main - INFO - [Data] Sample complaints generated
2025-11-03 10:22:56,889 - main - INFO - -> Starting CommunityHub AI v4.0.0
2025-11-03 10:22:56,892 - main - INFO - [Admin] Admin user created
2025-11-03 10:22:56,892 - main - INFO - [Data] Sample complaints generated
2025-11-03 10:31:26,183 - main - INFO - -> Starting CommunityHub AI v4.0.0
2025-11-03 10:31:26,185 - main - INFO - -> Starting CommunityHub AI v4.0.0
2025-11-03 10:31:26,185 - main - INFO - [Admin] Admin user created
2025-11-03 10:31:26,185 - main - INFO - [Data] Sample complaints generated
2025-11-03 10:31:26,186 - main - INFO - [Data] Sample complaints generated
2025-11-03 10:32:18,316 - main - INFO - -> Starting CommunityHub AI v4.0.0
2025-11-03 10:32:18,316 - main - INFO - [Admin] Admin user created
2025-11-03 10:32:18,317 - main - INFO - [Data] Sample complaints generated
2025-11-03 10:44:29,966 - main - INFO - -> Starting CommunityHub AI v4.0.0
2025-11-03 10:44:29,974 - main - INFO - [Admin] Admin user created
2025-11-03 10:44:29,989 - main - INFO - [Data] Sample complaints generated
2025-11-03 10:44:30,163 - main - INFO - -> Starting CommunityHub AI v4.0.0
2025-11-03 10:44:30,170 - main - INFO - [Data] Sample complaints generated
2025-11-03 10:44:30,172 - main - INFO - [Data] Sample complaints generated
2025-11-03 10:45:00,513 - main - INFO - -> Starting CommunityHub AI v4.0.0
2025-11-03 10:45:00,513 - main - INFO - [Data] Sample complaints generated
2025-11-03 10:47:45,638 - main - INFO - -> Starting CommunityHub AI v4.0.0
2025-11-03 10:47:45,653 - main - INFO - [Data] Sample complaints generated
2025-11-03 10:47:45,657 - main - INFO - -> Starting CommunityHub AI v4.0.0
2025-11-03 10:47:45,661 - main - INFO - [Data] Sample complaints generated
2025-11-03 10:47:45,695 - main - INFO - -> Starting CommunityHub AI v4.0.0
2025-11-03 10:47:45,702 - main - INFO - [Data] Sample complaints generated
2025-11-03 10:47:54,904 - main - INFO - -> Starting CommunityHub AI v4.0.0
2025-11-03 10:47:54,909 - main - INFO - [Data] Sample complaints generated
2025-11-03 11:00:12,682 - main - INFO - -> Starting CommunityHub AI v4.0.0
2025-11-03 11:00:12,700 - main - INFO - [Data] Sample complaints generated
2025-11-03 11:02:32,426 - main - INFO - -> Starting CommunityHub AI v4.0.0
2025-11-03 11:02:32,444 - main - INFO - [Data] Sample complaints generated
2025-11-03 11:05:32,728 - main - INFO - -> Starting CommunityHub AI v4.0.0
2025-11-03 11:05:32,728 - main - INFO - [Data] Sample complaints generated
2025-11-03 11:06:14,260 - main - INFO - -> Starting CommunityHub AI v4.0.0
2025-11-03 11:06:14,262 - main - INFO - [Data] Sample complaints generated
2025-11-03 11:09:40,408 - main - INFO - -> Starting CommunityHub AI v4.0.0
2025-11-03 11:09:40,410 - main - INFO - [Data] Sample complaints generated
2025-11-03 11:13:41,456 - main - INFO - -> Starting CommunityHub AI v4.0.0
2025-11-03 11:13:41,462 - main - INFO - [Data] Sample complaints generated
2025-11-03 11:19:51,889 - main - INFO - -> Starting CommunityHub AI v4.0.0
2025-11-03 11:19:51,889 - main - INFO - [Data] Sample complaints generated
2025-11-03 11:24:28,615 - main - INFO - -> Starting CommunityHub AI v4.0.0
2025-11-03 11:24:28,615 - main - INFO - [Data] Sample complaints generated
2025-11-03 11:27:47,088 - main - INFO - -> Starting CommunityHub AI v4.0.0
2025-11-03 11:27:47,094 - main - INFO - [Data] Sample complaints generated
2025-11-03 11:43:38,852 - main - INFO - -> Starting CommunityHub AI v4.0.0
2025-11-03 11:43:38,861 - main - INFO - [Data] Sample complaints generated
2025-11-03 12:23:49,310 - main - INFO - -> Starting CommunityHub AI v4.0.0
2025-11-03 12:23:49,317 - main - INFO - [Data] Sample complaints generated
2025-11-03 12:23:49,320 - main - INFO - [Data] Sample complaints generated
2025-11-03 12:24:00,210 - main - INFO - -> Starting CommunityHub AI v4.0.0
2025-11-03 12:24:00,226 - main - INFO - [Data] Sample complaints generated
2025-11-03 12:24:00,257 - main - INFO - -> Starting CommunityHub AI v4.0.0
2025-11-03 12:24:00,277 - main - INFO - [Data] Sample complaints generated
2025-11-03 12:24:33,583 - main - INFO - -> Starting CommunityHub AI v4.0.0
2025-11-03 12:24:33,583 - main - INFO - [Data] Sample complaints generated
2025-11-03 12:27:42,013 - main - INFO - Complaint created: afd4b8ef-2f6e-4d15-ad8b-ce96132b2c89 by Gowtham
2025-11-03 12:30:15,431 - main - INFO - -> Starting CommunityHub AI v4.0.0
2025-11-03 12:30:15,457 - main - INFO - [Data] Sample complaints generated
2025-11-03 12:43:26,238 - main - INFO - -> Starting CommunityHub AI v4.0.0
2025-11-03 12:43:26,255 - main - INFO - [Data] Sample complaints generated
2025-11-03 12:48:05,646 - main - INFO - -> Starting CommunityHub AI v4.0.0
2025-11-03 12:48:05,651 - main - INFO - [Data] Sample complaints generated
2025-11-03 12:56:36,978 - main - INFO - -> Starting CommunityHub AI v4.0.0
2025-11-03 12:56:36,992 - main - INFO - [Data] Sample complaints generated
2025-11-03 12:56:36,998 - main - INFO - [Data] Sample complaints generated
2025-11-03 12:56:36,998 - main - INFO - [Data] Sample complaints generated
2025-11-03 12:56:37,000 - main - INFO - [Data] Sample complaints generated
2025-11-03 12:56:48,702 - main - INFO - -> Starting CommunityHub AI v4.0.0
2025-11-03 12:56:48,707 - main - INFO - -> Starting CommunityHub AI v4.0.0
2025-11-03 12:56:48,714 - main - INFO - [Data] Sample complaints generated
2025-11-03 12:56:48,718 - main - INFO - [Data] Sample complaints generated
2025-11-03 12:56:48,721 - main - INFO - [Data] Sample complaints generated
2025-11-03 12:57:32,989 - main - INFO - -> Starting CommunityHub AI v4.0.0
2025-11-03 12:57:32,991 - main - INFO - -> Starting CommunityHub AI v4.0.0
2025-11-03 12:57:32,993 - main - ERROR - Error loading users: Expecting value: line 1 column 1 (char 0)
2025-11-03 12:57:32,996 - main - ERROR - Error loading complaints: Expecting value: line 1 column 1 (char 0)
2025-11-03 12:57:32,996 - main - ERROR - Error loading users: Expecting value: line 1 column 1 (char 0)
2025-11-03 12:57:32,998 - main - INFO - [Data] Sample complaints generated
 value: line 1 column 1 (char 0)
)
2025-11-03 12:57:33,000 - main - INFO - -> Starting CommunityHub AI v4.0.0
2025-11-03 12:57:33,000 - main - INFO - [Data] Sample complaints generated
2025-11-03 12:57:33,003 - main - INFO - -> Starting CommunityHub AI v4.0.0
2025-11-03 12:57:33,003 - main - INFO - [Admin] Admin user created
2025-11-03 12:57:33,007 - main - INFO - [Admin] Admin user created
2025-11-03 12:57:33,009 - main - INFO - [Data] Sample complaints generated
2025-11-03 12:57:33,013 - main - INFO - [Data] Sample complaints generated
2025-11-03 12:57:56,527 - main - INFO - -> Starting CommunityHub AI v4.0.0
2025-11-03 12:57:56,535 - main - INFO - [Data] Sample complaints generated
2025-11-03 12:57:56,537 - main - INFO - [Data] Sample complaints generated
2025-11-03 12:57:56,539 - main - INFO - [Data] Sample complaints generated
2025-11-03 12:57:56,544 - main - INFO - [Data] Sample complaints generated
2025-11-03 12:58:13,362 - main - INFO - -> Starting CommunityHub AI v4.0.0
2025-11-03 12:58:13,368 - main - INFO - [Data] Sample complaints generated
2025-11-03 13:00:38,338 - main - INFO - -> Starting CommunityHub AI v4.0.0
2025-11-03 13:00:38,341 - main - INFO - -> Starting CommunityHub AI v4.0.0
2025-11-03 13:00:38,352 - main - INFO - [Data] Sample complaints generated
2025-11-03 13:00:38,363 - main - INFO - [Data] Sample complaints generated
2025-11-03 13:00:38,392 - main - INFO - -> Starting CommunityHub AI v4.0.0
2025-11-03 13:00:38,413 - main - INFO - [Data] Sample complaints generated
2025-11-03 13:00:47,341 - main - INFO - -> Starting CommunityHub AI v4.0.0
2025-11-03 13:00:47,343 - main - INFO - -> Starting CommunityHub AI v4.0.0
2025-11-03 13:00:47,345 - main - ERROR - Error loading users: Expecting value: line 1 column 1 (char 0)
2025-11-03 13:00:47,351 - main - INFO - -> Starting CommunityHub AI v4.0.0
2025-11-03 13:00:47,351 - main - INFO - [Data] Sample complaints generated
2025-11-03 13:00:47,362 - main - INFO - [Admin] Admin user created
2025-11-03 13:00:47,371 - main - INFO - [Data] Sample complaints generated
2025-11-03 13:00:47,494 - main - INFO - -> Starting CommunityHub AI v4.0.0
2025-11-03 13:00:47,495 - main - INFO - -> Starting CommunityHub AI v4.0.0
2025-11-03 13:00:47,501 - main - INFO - [Data] Sample complaints generated
2025-11-03 13:00:47,501 - main - INFO - [Data] Sample complaints generated
2025-11-03 13:01:15,357 - main - INFO - -> Starting CommunityHub AI v4.0.0
2025-11-03 13:01:15,372 - main - INFO - [Data] Sample complaints generated
2025-11-03 13:01:15,374 - main - INFO - [Data] Sample complaints generated
2025-11-03 13:01:15,374 - main - INFO - [Data] Sample complaints generated
2025-11-03 13:01:15,374 - main - INFO - [Data] Sample complaints generated
2025-11-03 13:01:15,374 - main - INFO - [Data] Sample complaints generated
2025-11-03 13:01:15,383 - main - INFO - [Data] Sample complaints generated
2025-11-03 13:02:16,678 - main - INFO - Loading databases...
2025-11-03 13:02:16,683 - main - INFO - Loading users.json
2025-11-03 13:02:16,684 - main - INFO - Loading databases...
2025-11-03 13:02:16,684 - main - INFO - Loaded 2 users
on
2025-11-03 13:02:16,684 - main - INFO - Loading databases...2025-11-03 13:02:16,692 - main - INFO - Loading complaints.json
-11-03 13:02:16,692 - main - INFO - Loaded 2 users
2025-11-03 13:02:16,692 - main - INFO - Loading databases...
n
2025-11-03 13:02:16,698 - main - INFO - Loading users.json

json
2025-11-03 13:02:16,699 - main - INFO - Loaded 10 complaints
2025-11-03 13:02:16,699 - main - INFO - Loading notifications.json
2025-11-03 13:02:16,699 - main - INFO - Loaded 2 users
tion20252025-11-03 13:02:16,706 - main - INFO - Loaded 2 users
ns
2025-11-03 13:02:16,709 - main - INFO - Loaded 1 notifications

2025-11-03 13:02:16,715 - main - INFO - Loaded 10 complaints
n
2025-11-03 13:02:16,719 - main - INFO - Loading notifications.json
2025-11-03 13:02:16,724 - main - INFO - Loading notifications.json
2025-11-03 13:02:16,726 - main - INFO - Loaded 1 notifications
2025-11-03 13:02:16,728 - main - INFO - Loaded 1 notifications
2025-11-03 13:02:16,769 - main - INFO - -> Starting CommunityHub AI v4.0.0
2025-11-03 13:02:16,775 - main - INFO - -> Starting CommunityHub AI v4.0.0
2025-11-03 13:02:16,781 - main - INFO - -> Starting CommunityHub AI v4.0.0
2025-11-03 13:02:16,790 - main - INFO - [Data] Sample complaints generated
2025-11-03 13:02:16,798 - main - INFO - [Data] Sample complaints generated
 value: line 1 column 1 (char 0)
2025-11-03 13:02:16,801 - main - INFO - [Data] Sample complaints generated
2025-11-03 13:02:16,807 - main - INFO - -> Starting CommunityHub AI v4.0.0
2025-11-03 13:02:16,822 - main - INFO - [Data] Sample complaints generated
2025-11-03 13:02:16,935 - main - INFO - -> Starting CommunityHub AI v4.0.0
2025-11-03 13:02:16,947 - main - INFO - [Data] Sample complaints generated
2025-11-03 13:02:16,954 - main - INFO - [Data] Sample complaints generated
2025-11-03 13:11:04,256 - main - INFO - Loading databases...
2025-11-03 13:11:04,259 - main - INFO - Loading databases...
2025-11-03 13:11:04,259 - main - INFO - Loading users.json
2025-11-03 13:11:04,259 - main - INFO - Loading users.json

2025-11-03 13:11:04,262 - main - INFO - Loaded 2 users
on
2025-11-03 13:11:04,262 - main - INFO - Loaded 2 users
2025-11-03 13:11:04,262 - main - INFO - Loading complaints.json
2025-11-03 13:11:04,269 - main - INFO - Loading complaints.json
2025-11-03 13:11:04,269 - main - INFO - Loaded 10 complaints
2025-11-03 13:11:04,272 - main - INFO - Loaded 10 complaints
json
2025-11-03 13:11:04,274 - main - INFO - Loaded 10 complaints
2025-11-03 13:11:04,276 - main - INFO - Loading notifications.2025-11-03 13:11:04,276 - main - INFO - Loading notifications.js20252025-11-03 13:11:04,278 - main - INFO - Loaded 1 notifications
2025-11-03 13:11:04,278 - main - INFO - Loaded 1 notifications
2025-11-03 13:11:04,284 - main - INFO - Loaded 1 notifications
2025-11-03 13:11:04,351 - main - INFO - -> Starting CommunityHub AI v4.0.0
2025-11-03 13:11:04,353 - main - INFO - -> Starting CommunityHub AI v4.0.0
2025-11-03 13:11:04,361 - main - ERROR - Error loading users: Expecting value: line 1 column 1 (char 0)
2025-11-03 13:11:04,363 - main - INFO - [Data] Sample complaints generated
2025-11-03 13:11:04,366 - main - INFO - [Data] Sample complaints generated
2025-11-03 13:11:04,377 - main - INFO - -> Starting CommunityHub AI v4.0.0
2025-11-03 13:11:04,379 - main - INFO - -> Starting CommunityHub AI v4.0.0
2025-11-03 13:11:04,385 - main - INFO - [Data] Sample complaints generated
2025-11-03 13:11:04,387 - main - INFO - [Data] Sample complaints generated
2025-11-03 13:11:04,391 - main - INFO - [Data] Sample complaints generated
2025-11-03 13:11:04,393 - main - INFO - [Admin] Admin user created
2025-11-03 13:11:04,400 - main - INFO - [Data] Sample complaints generated
2025-11-03 13:11:47,506 - main - INFO - Loading databases...
2025-11-03 13:11:47,506 - main - INFO - Loading databases...
2025-11-03 13:11:47,509 - main - INFO - Loading users.json
2025-11-03 13:11:47,512 - main - INFO - Loading complaints.json
2025-11-03 13:11:47,512 - main - INFO - Loaded 2 users
2025-11-03 13:11:47,513 - main - INFO - Loading complaints.json
2025-11-03 13:11:47,513 - main - INFO - Loading notifications.json
2025-11-03 13:11:47,516 - main - INFO - Loaded 10 complaints
2025-11-03 13:11:47,518 - main - INFO - Loading notifications.json
2025-11-03 13:11:47,518 - main - INFO - Loaded 1 notifications
2025-11-03 13:11:47,548 - main - INFO - Loading databases...
2025-11-03 13:11:47,550 - main - INFO - Loading users.json
2025-11-03 13:11:47,552 - main - INFO - Loaded 2 users
2025-11-03 13:11:47,554 - main - INFO - Loading complaints.json
2025-11-03 13:11:47,556 - main - INFO - Loaded 10 complaints
2025-11-03 13:11:47,558 - main - INFO - Loading notifications.json
2025-11-03 13:11:47,560 - main - INFO - Loaded 1 notifications
2025-11-03 13:11:47,568 - main - INFO - Loading databases...
2025-11-03 13:11:47,570 - main - INFO - Loading users.json
2025-11-03 13:11:47,572 - main - INFO - Loaded 2 users
2025-11-03 13:11:47,576 - main - INFO - Loaded 2 users
ts.json
2025-11-03 13:11:47,580 - main - INFO - Loaded 10 complaints
2025-11-03 13:11:47,578 - main - INFO - -> Starting CommunityHub AI v4.0.0
2025-11-03 13:11:47,584 - main - INFO - Loading complaints.json
n
2025-11-03 13:11:47,596 - main - INFO - [Data] Sample complaints generated
2025-11-03 13:11:47,603 - main - INFO - [Data] Sample complaints generated
2025-11-03 13:11:47,617 - main - INFO - Loaded 10 complaints
2025-11-03 13:11:47,626 - main - INFO - Loading notifications.json
2025-11-03 13:11:47,683 - main - INFO - Loaded 1 notifications
2025-11-03 13:11:47,745 - main - INFO - -> Starting CommunityHub AI v4.0.0
2025-11-03 13:11:47,765 - main - INFO - [Data] Sample complaints generated
2025-11-03 13:11:47,781 - main - INFO - Loading databases...
2025-11-03 13:11:47,795 - main - INFO - Loading users.json
2025-11-03 13:11:47,815 - main - INFO - Loaded 2 users
2025-11-03 13:11:47,817 - main - INFO - -> Starting CommunityHub AI v4.0.0
2025-11-03 13:11:47,831 - main - INFO - Loading complaints.json
2025-11-03 13:11:47,846 - main - INFO - [Data] Sample complaints generated
2025-11-03 13:11:47,852 - main - INFO - Loaded 10 complaints
2025-11-03 13:11:47,864 - main - INFO - Loading notifications.json
2025-11-03 13:11:47,872 - main - INFO - Loaded 1 notifications
2025-11-03 13:11:47,878 - main - INFO - -> Starting CommunityHub AI v4.0.0
2025-11-03 13:11:47,894 - main - INFO - [Data] Sample complaints generated
2025-11-03 13:11:47,960 - main - INFO - -> Starting CommunityHub AI v4.0.0
2025-11-03 13:11:47,968 - main - INFO - [Data] Sample complaints generated
2025-11-03 13:12:25,821 - main - INFO - Loading databases...
2025-11-03 13:12:25,824 - main - INFO - Loading users.json
2025-11-03 13:12:25,824 - main - INFO - Loading users.json
2025-11-03 13:12:25,825 - main - INFO - Loading database2025-12025-11-03 13:12:25,825 - main - INFO - Loading us2025-11-03 13:12025-11-03 13:12:25,825 - main - INFO - Loading complaints.json
2025-11-03 13:12:25,830 - main - INFO - Loaded 10 complaints
2025-11-03 13:12:25,830 - main - INFO - Loading complaints.json
2025-11-03 13:12:25,831 - main - INFO - Loaded 2 users
tions.json
2025-11-03 13:12:25,832 - main - INFO - Loading notifications.json
2025-11-03 13:12:25,833 - main - INFO - Loaded 1 notifications2025-11-03 13:12:25,833 - main - INFO - Loaded 1 notifications
on
2025-11-03 13:12:25,836 - main - INFO - Loaded 10 complaints

2025-11-03 13:12:25,846 - main - INFO - Loading notifications.json
2025-11-03 13:12:25,848 - main - INFO - Loaded 1 notifications
2025-11-03 13:12:25,849 - main - INFO - Loading databases...
2025-11-03 13:12:25,849 - main - INFO - Loading users.json
2025-11-03 13:12:25,852 - main - INFO - Loaded 2 users
2025-11-03 13:12:25,856 - main - INFO - Loading complaints.json
2025-11-03 13:12:25,858 - main - INFO - Loaded 10 complaints
2025-11-03 13:12:25,866 - main - INFO - Loading notifications.json
2025-11-03 13:12:25,868 - main - INFO - Loaded 1 notifications
2025-11-03 13:12:25,879 - main - INFO - -> Starting CommunityHub AI v4.0.0
2025-11-03 13:12:25,881 - main - INFO - -> Starting CommunityHub AI v4.0.0
2025-11-03 13:12:25,889 - main - INFO - [Data] Sample complaints generated
2025-11-03 13:12:25,893 - main - INFO - [Data] Sample complaints generated
2025-11-03 13:12:25,898 - main - INFO - -> Starting CommunityHub AI v4.0.0
2025-11-03 13:12:25,900 - main - INFO - [Data] Sample complaints generated
2025-11-03 13:12:25,903 - main - INFO - [Data] Sample complaints generated
2025-11-03 13:12:25,912 - main - INFO - Loading databases...
2025-11-03 13:12:25,912 - main - INFO - Loading users.json
2025-11-03 13:12:25,916 - main - INFO - Loaded 2 users
2025-11-03 13:12:25,916 - main - INFO - Loading complaints.json
2025-11-03 13:12:25,921 - main - INFO - Loaded 10 complaints
2025-11-03 13:12:25,921 - main - INFO - Loading notifications.json
2025-11-03 13:12:25,924 - main - INFO - -> Starting CommunityHub AI v4.0.0
2025-11-03 13:12:25,924 - main - INFO - Loaded 1 notifications
2025-11-03 13:12:25,928 - main - INFO - [Data] Sample complaints generated
2025-11-03 13:12:25,965 - main - INFO - -> Starting CommunityHub AI v4.0.0
2025-11-03 13:12:25,971 - main - INFO - [Data] Sample complaints generated
2025-11-03 13:12:41,578 - main - INFO - Loading databases...
2025-11-03 13:12:41,578 - main - INFO - Loading users.json
2025-11-03 13:12:41,578 - main - INFO - Loaded 2 users
2025-11-03 13:12:41,587 - main - INFO - Loading complaints.json
2025-11-03 13:12:41,587 - main - INFO - Loaded 10 complaints
2025-11-03 13:12:41,587 - main - INFO - Loading notifications.json
2025-11-03 13:12:41,587 - main - INFO - Loaded 1 notifications
2025-11-03 13:12:41,603 - main - INFO - -> Starting CommunityHub AI v4.0.0
2025-11-03 13:12:41,609 - main - INFO - [Data] Sample complaints generated
2025-11-03 13:12:47,746 - main - INFO - Authenticated admin user: admin
2025-11-03 13:12:47,746 - main - INFO - Fetched 10 complaints
2025-11-03 13:12:47,746 - main - INFO - Generated analytics data
2025-11-03 13:12:47,755 - main - INFO - Rendering admin dashboard template
2025-11-03 13:12:47,821 - main - ERROR - Error rendering admin dashboard: No route exists for name "static" and params "filename".
2025-11-03 13:14:18,095 - main - INFO - Loading databases...
2025-11-03 13:14:18,097 - main - INFO - Loading users.json
2025-11-03 13:14:18,099 - main - INFO - Loaded 2 users
2025-11-03 13:14:18,102 - main - INFO - Loading complaints.json
2025-11-03 13:14:18,102 - main - INFO - Loaded 10 complaints
2025-11-03 13:14:18,107 - main - INFO - Loading notifications.json
2025-11-03 13:14:18,109 - main - INFO - Loaded 1 notifications
2025-11-03 13:14:18,191 - main - INFO - -> Starting CommunityHub AI v4.0.0
2025-11-03 13:14:18,209 - main - INFO - [Data] Sample complaints generated
2025-11-03 13:14:40,426 - main - INFO - Authenticated admin user: admin
2025-11-03 13:14:40,427 - main - INFO - Fetched 10 complaints
2025-11-03 13:14:40,429 - main - INFO - Generated analytics data
2025-11-03 13:14:40,431 - main - INFO - Rendering admin dashboard template
2025-11-03 13:14:40,720 - main - ERROR - Error rendering admin dashboard: 'complaint' is undefined
2025-11-03 13:18:10,508 - main - INFO - Loading databases...
2025-11-03 13:18:10,523 - main - INFO - Loading users.json
2025-11-03 13:18:10,524 - main - INFO - Loaded 2 users
2025-11-03 13:18:10,524 - main - INFO - Loading complaints.json
2025-11-03 13:18:10,524 - main - INFO - Loaded 10 complaints
2025-11-03 13:18:10,524 - main - INFO - Loading notifications.json
2025-11-03 13:18:10,524 - main - INFO - Loaded 1 notifications
2025-11-03 13:18:10,556 - main - INFO - -> Starting CommunityHub AI v4.0.0
2025-11-03 13:18:10,557 - main - INFO - [Data] Sample complaints generated
2025-11-03 13:18:15,567 - main - INFO - Authenticated admin user: admin
2025-11-03 13:18:15,567 - main - INFO - Fetched 10 complaints
2025-11-03 13:18:15,567 - main - INFO - Generated analytics data
2025-11-03 13:18:15,567 - main - INFO - Rendering admin dashboard template
